<?xml version="1.0" encoding="UTF-8"?>
<testng-results skipped="0" failed="0" ignored="0" total="3" passed="3">
  <reporter-output>
  </reporter-output>
  <suite name="Default suite" duration-ms="44364" started-at="2023-01-25T03:13:56Z" finished-at="2023-01-25T03:14:41Z">
    <groups>
    </groups>
    <test name="Default test" duration-ms="44364" started-at="2023-01-25T03:13:56Z" finished-at="2023-01-25T03:14:41Z">
      <class name="org.test.com.TestNgDataProvider">
        <test-method status="PASS" signature="tc1(java.lang.String, java.lang.String)[pri:0, instance:org.test.com.TestNgDataProvider@239963d8]" name="tc1" duration-ms="20936" started-at="2023-01-25T03:13:56Z" data-provider="login" finished-at="2023-01-25T03:14:17Z">
          <params>
            <param index="0">
              <value>
                <![CDATA[test1@gmail.com]]>
              </value>
            </param>
            <param index="1">
              <value>
                <![CDATA[bala]]>
              </value>
            </param>
          </params>
          <reporter-output>
          </reporter-output>
        </test-method> <!-- tc1 -->
        <test-method status="PASS" signature="tc1(java.lang.String, java.lang.String)[pri:0, instance:org.test.com.TestNgDataProvider@239963d8]" name="tc1" duration-ms="10652" started-at="2023-01-25T03:14:17Z" data-provider="login" finished-at="2023-01-25T03:14:28Z">
          <params>
            <param index="0">
              <value>
                <![CDATA[test2@gmail.com]]>
              </value>
            </param>
            <param index="1">
              <value>
                <![CDATA[bala2]]>
              </value>
            </param>
          </params>
          <reporter-output>
          </reporter-output>
        </test-method> <!-- tc1 -->
        <test-method status="PASS" signature="tc1(java.lang.String, java.lang.String)[pri:0, instance:org.test.com.TestNgDataProvider@239963d8]" name="tc1" duration-ms="12701" started-at="2023-01-25T03:14:28Z" data-provider="login" finished-at="2023-01-25T03:14:41Z">
          <params>
            <param index="0">
              <value>
                <![CDATA[test3@gmail.com]]>
              </value>
            </param>
            <param index="1">
              <value>
                <![CDATA[bala3]]>
              </value>
            </param>
          </params>
          <reporter-output>
          </reporter-output>
        </test-method> <!-- tc1 -->
      </class> <!-- org.test.com.TestNgDataProvider -->
    </test> <!-- Default test -->
  </suite> <!-- Default suite -->
</testng-results>
